<?xml version="1.0" encoding="UTF-8" standalone="no"?>
<testsuite failures="0" name="cucumber.runtime.formatter.JUnitFormatter" skipped="0" tests="3" time="20.615694">
<testcase classname="Test Facebook smoke Scenario" name="Test login with valid creditential" time="10.574552">
<system-out><![CDATA[Given open Chorme and start application.....................................passed
When I enter valid "chamok@gmail.com" and valid "password1".................passed
Then user should be able to login successfully..............................passed
Then application should be closed...........................................passed
]]></system-out>
</testcase>
<testcase classname="Test Facebook smoke Scenario" name="Test login with valid creditential 2" time="5.055647">
<system-out><![CDATA[Given open Chorme and start application.....................................passed
When I enter valid "chamok@gmail.com" and valid "password2".................passed
Then user should be able to login successfully..............................passed
Then application should be closed...........................................passed
]]></system-out>
</testcase>
<testcase classname="Test Facebook smoke Scenario" name="Test login with valid creditential 3" time="4.985495">
<system-out><![CDATA[Given open Chorme and start application.....................................passed
When I enter valid "chamok@gmail.com" and valid "password3".................passed
Then user should be able to login successfully..............................passed
Then application should be closed...........................................passed
]]></system-out>
</testcase>
</testsuite>
